feature/build/intermediates/proguard-rules/minified/aapt_rules.txt
# Generated by the gradle plugin
-keep class com.google.android.instantapps.samples.hello.feature.GoodbyeActivity { <init>(...); }
-keep class com.google.android.instantapps.samples.hello.feature.HelloActivity { <init>(...); }