feature/build/outputs/mapping/feature/minified/seeds.txt
com.google.android.instantapps.samples.hello.feature.GoodbyeActivity
com.google.android.instantapps.samples.hello.feature.GoodbyeActivity: GoodbyeActivity()
com.google.android.instantapps.samples.hello.feature.HelloActivity
com.google.android.instantapps.samples.hello.feature.HelloActivity: HelloActivity()
com.google.android.instantapps.samples.hello.feature.R$anim: int abc_fade_in
com.google.android.instantapps.samples.hello.feature.R$anim: int abc_fade_out
com.google.android.instantapps.samples.hello.feature.R$anim: int abc_grow_fade_in_from_bottom
com.google.android.instantapps.samples.hello.feature.R$anim: int abc_popup_enter
com.google.android.instantapps.samples.hello.feature.R$anim: int abc_popup_exit
com.google.android.instantapps.samples.hello.feature.R$anim: int abc_shrink_fade_out_from_bottom
com.google.android.instantapps.samples.hello.feature.R$anim: int abc_slide_in_bottom
com.google.android.instantapps.samples.hello.feature.R$anim: int abc_slide_in_top
com.google.android.instantapps.samples.hello.feature.R$anim: int abc_slide_out_bottom
com.google.android.instantapps.samples.hello.feature.R$anim: int abc_slide_out_top
com.google.android.instantapps.samples.hello.feature.R$anim: int tooltip_enter
com.google.android.instantapps.samples.hello.feature.R$anim: int tooltip_exit
com.google.android.instantapps.samples.hello.feature.R$attr: int actionBarDivider
com.google.android.instantapps.samples.hello.feature.R$attr: int actionBarItemBackground
com.google.android.instantapps.samples.hello.feature.R$attr: int actionBarPopupTheme
com.google.android.instantapps.samples.hello.feature.R$attr: int actionBarSize
com.google.android.instantapps.samples.hello.feature.R$attr: int actionBarSplitStyle
com.google.android.instantapps.samples.hello.feature.R$attr: int actionBarStyle
com.google.android.instantapps.samples.hello.feature.R$attr: int actionBarTabBarStyle
com.google.android.instantapps.samples.hello.feature.R$attr: int actionBarTabStyle
com.google.android.instantapps.samples.hello.feature.R$attr: int actionBarTabTextStyle
com.google.android.instantapps.samples.hello.feature.R$attr: int actionBarTheme
com.google.android.instantapps.samples.hello.feature.R$attr: int actionBarWidgetTheme
com.google.android.instantapps.samples.hello.feature.R$attr: int actionButtonStyle
com.google.android.instantapps.samples.hello.feature.R$attr: int actionDropDownStyle
com.google.android.instantapps.samples.hello.feature.R$attr: int actionLayout
com.google.android.instantapps.samples.hello.feature.R$attr: int actionMenuTextAppearance
com.google.android.instantapps.samples.hello.feature.R$attr: int actionMenuTextColor
com.google.android.instantapps.samples.hello.feature.R$attr: int actionModeBackground
com.google.android.instantapps.samples.hello.feature.R$bool: int abc_action_bar_embed_tabs
com.google.android.instantapps.samples.hello.feature.R$bool: int abc_allow_stacked_button_bar
com.google.android.instantapps.samples.hello.feature.R$bool: int abc_config_actionMenuItemAllCaps
com.google.android.instantapps.samples.hello.feature.R$bool: int abc_config_closeDialogWhenTouchOutside
com.google.android.instantapps.samples.hello.feature.R$bool: int abc_config_showMenuShortcutsWhenKeyboardPresent
...
android.support.v4.app.SupportActivity: SupportActivity()
android.support.v4.content.ModernAsyncTask$Status: android.support.v4.content.ModernAsyncTask$Status[] values()
android.support.v4.content.ModernAsyncTask$Status: android.support.v4.content.ModernAsyncTask$Status valueOf(java.lang.String)
android.support.v4.os.ResultReceiver: android.os.Parcelable$Creator CREATOR
android.support.v4.view.AbsSavedState: android.os.Parcelable$Creator CREATOR
android.support.v4.view.PagerTabStrip: void setTabIndicatorColor(int)
android.support.v4.view.PagerTabStrip: void setTabIndicatorColorResource(int)
android.support.v4.view.PagerTabStrip: int getTabIndicatorColor()
android.support.v4.view.PagerTabStrip: void setTextSpacing(int)
android.support.v4.view.PagerTabStrip: void setBackgroundDrawable(android.graphics.drawable.Drawable)
android.support.v4.view.PagerTabStrip: void setBackgroundColor(int)
android.support.v4.view.PagerTabStrip: void setBackgroundResource(int)
android.support.v4.view.PagerTabStrip: void setDrawFullUnderline(boolean)
android.support.v4.view.PagerTabStrip: boolean getDrawFullUnderline()
android.support.v4.view.PagerTabStrip: int getMinHeight()
android.support.v4.view.PagerTitleStrip: void setSingleLineAllCaps(android.widget.TextView)
android.support.v4.view.PagerTitleStrip: void setTextSpacing(int)
android.support.v4.view.PagerTitleStrip: int getTextSpacing()
android.support.v4.view.PagerTitleStrip: void setNonPrimaryAlpha(float)
android.support.v4.view.PagerTitleStrip: void setTextColor(int)
android.support.v4.view.PagerTitleStrip: void setGravity(int)
android.support.v4.view.PagerTitleStrip: int getMinHeight()
android.support.v4.view.ViewPager: void setScrollState(int)
android.support.v4.view.ViewPager: void setAdapter(android.support.v4.view.PagerAdapter)
android.support.v4.view.ViewPager: android.support.v4.view.PagerAdapter getAdapter()
android.support.v4.view.ViewPager: int getClientWidth()
android.support.v4.view.ViewPager: void setCurrentItem(int)
android.support.v4.view.ViewPager: int getCurrentItem()
android.support.v4.view.ViewPager: void setOnPageChangeListener(android.support.v4.view.ViewPager$OnPageChangeListener)
android.support.v4.view.ViewPager: int getOffscreenPageLimit()
android.support.v4.view.ViewPager: void setOffscreenPageLimit(int)
android.support.v4.view.ViewPager: void setPageMargin(int)
android.support.v4.view.ViewPager: int getPageMargin()
android.support.v4.view.ViewPager: void setPageMarginDrawable(android.graphics.drawable.Drawable)
android.support.v4.view.ViewPager: void setPageMarginDrawable(int)
android.support.v4.view.ViewPager: void setScrollingCacheEnabled(boolean)
android.support.v4.view.ViewPager$SavedState: android.os.Parcelable$Creator CREATOR
android.support.v4.widget.DrawerLayout: void setDrawerElevation(float)
android.support.v4.widget.DrawerLayout: float getDrawerElevation()
android.support.v4.widget.DrawerLayout: void setScrimColor(int)
android.support.v4.widget.DrawerLayout: void setDrawerListener(android.support.v4.widget.DrawerLayout$DrawerListener)
android.support.v4.widget.DrawerLayout: void setDrawerLockMode(int)
android.support.v4.widget.DrawerLayout: void setStatusBarBackground(android.graphics.drawable.Drawable)
android.support.v4.widget.DrawerLayout: android.graphics.drawable.Drawable getStatusBarBackgroundDrawable()
android.support.v4.widget.DrawerLayout: void setStatusBarBackground(int)
android.support.v4.widget.DrawerLayout: void setStatusBarBackgroundColor(int)
android.support.v4.widget.DrawerLayout$SavedState: android.os.Parcelable$Creator CREATOR