feature/build/outputs/mapping/feature/minified/mapping.txt
com.google.android.instantapps.samples.hello.feature.GoodbyeActivity -> com.google.android.instantapps.samples.hello.feature.GoodbyeActivity:
    void <init>() -> <init>
    void onCreate(android.os.Bundle) -> onCreate
com.google.android.instantapps.samples.hello.feature.HelloActivity -> com.google.android.instantapps.samples.hello.feature.HelloActivity:
    android.widget.ImageView imagem -> m
    android.widget.Button galeria -> n
    android.widget.Button btnFoto -> o
    int GALERIA_IMAGENS -> p
    int PERMISSAO_REQUEST -> q
    int TIRAR_FOTO -> r
    android.widget.Button botaoRecuperar -> s
    android.widget.TextView textoResultado -> t
    void <init>() -> <init>
    void onCreate(android.os.Bundle) -> onCreate
    void onActivityResult(int,int,android.content.Intent) -> onActivityResult
    void onRequestPermissionsResult(int,java.lang.String[],int[]) -> onRequestPermissionsResult
    android.widget.TextView access$000(com.google.android.instantapps.samples.hello.feature.HelloActivity) -> a
com.google.android.instantapps.samples.hello.feature.HelloActivity$1 -> com.google.android.instantapps.samples.hello.feature.HelloActivity$1:
    com.google.android.instantapps.samples.hello.feature.HelloActivity this$0 -> a
    void <init>(com.google.android.instantapps.samples.hello.feature.HelloActivity) -> <init>
    void onClick(android.view.View) -> onClick
com.google.android.instantapps.samples.hello.feature.HelloActivity$2 -> com.google.android.instantapps.samples.hello.feature.HelloActivity$2:
    com.google.android.instantapps.samples.hello.feature.HelloActivity this$0 -> a
    void <init>(com.google.android.instantapps.samples.hello.feature.HelloActivity) -> <init>
    void onClick(android.view.View) -> onClick
com.google.android.instantapps.samples.hello.feature.HelloActivity$3 -> com.google.android.instantapps.samples.hello.feature.HelloActivity$3:
    com.google.android.instantapps.samples.hello.feature.HelloActivity this$0 -> a
    void <init>(com.google.android.instantapps.samples.hello.feature.HelloActivity) -> <init>
    void onClick(android.view.View) -> onClick
com.google.android.instantapps.samples.hello.feature.HelloActivity$MyTask -> com.google.android.instantapps.samples.hello.feature.HelloActivity$a:
    com.google.android.instantapps.samples.hello.feature.HelloActivity this$0 -> a
    void <init>(com.google.android.instantapps.samples.hello.feature.HelloActivity) -> <init>
    void onPreExecute() -> onPreExecute
    java.lang.String doInBackground(java.lang.String[]) -> a
    void onPostExecute(java.lang.String) -> a
    void onPostExecute(java.lang.Object) -> onPostExecute
    java.lang.Object doInBackground(java.lang.Object[]) -> doInBackground
...
android.support.v7.widget.ScrollingTabContainerView$1 -> android.support.v7.widget.ap$1:
    android.view.View val$tabView -> a
    android.support.v7.widget.ScrollingTabContainerView this$0 -> b
    void <init>(android.support.v7.widget.ScrollingTabContainerView,android.view.View) -> <init>
    void run() -> run
android.support.v7.widget.ScrollingTabContainerView$TabAdapter -> android.support.v7.widget.ap$a:
    android.support.v7.widget.ScrollingTabContainerView this$0 -> a
    void <init>(android.support.v7.widget.ScrollingTabContainerView) -> <init>
    int getCount() -> getCount
    java.lang.Object getItem(int) -> getItem
    long getItemId(int) -> getItemId
    android.view.View getView(int,android.view.View,android.view.ViewGroup) -> getView
android.support.v7.widget.ScrollingTabContainerView$TabClickListener -> android.support.v7.widget.ap$b:
    android.support.v7.widget.ScrollingTabContainerView this$0 -> a
    void <init>(android.support.v7.widget.ScrollingTabContainerView) -> <init>
    void onClick(android.view.View) -> onClick
android.support.v7.widget.ScrollingTabContainerView$TabView -> android.support.v7.widget.ap$c:
    int[] BG_ATTRS -> b
    android.support.v7.app.ActionBar$Tab mTab -> c
    android.widget.TextView mTextView -> d
    android.widget.ImageView mIconView -> e
    android.view.View mCustomView -> f
    android.support.v7.widget.ScrollingTabContainerView this$0 -> a
    void <init>(android.support.v7.widget.ScrollingTabContainerView,android.content.Context,android.support.v7.app.ActionBar$Tab,boolean) -> <init>
    void bindTab(android.support.v7.app.ActionBar$Tab) -> a
    void setSelected(boolean) -> setSelected
    void onInitializeAccessibilityEvent(android.view.accessibility.AccessibilityEvent) -> onInitializeAccessibilityEvent
    void onInitializeAccessibilityNodeInfo(android.view.accessibility.AccessibilityNodeInfo) -> onInitializeAccessibilityNodeInfo
    void onMeasure(int,int) -> onMeasure
    void update() -> a
    android.support.v7.app.ActionBar$Tab getTab() -> b
android.support.v7.widget.SearchView -> android.support.v7.widget.SearchView:
    android.support.v7.widget.SearchView$SearchAutoComplete mSearchSrcTextView -> a
    android.view.View mSearchEditFrame -> j
    android.view.View mSubmitArea -> k
    android.widget.ImageView mSearchButton -> b
    android.widget.ImageView mGoButton -> c
    android.widget.ImageView mCloseButton -> d
    android.widget.ImageView mVoiceButton -> e
    android.support.v7.widget.SearchView$UpdatableTouchDelegate mTouchDelegate -> l
    android.graphics.Rect mSearchSrcTextViewBounds -> m
    android.graphics.Rect mSearchSrtTextViewBoundsExpanded -> n
    int[] mTemp -> o
    int[] mTemp2 -> p
    android.widget.ImageView mCollapsedIcon -> q
    android.graphics.drawable.Drawable mSearchHintIcon -> r
    int mSuggestionRowLayout -> s
    int mSuggestionCommitIconResId -> t
    android.content.Intent mVoiceWebSearchIntent -> u
    android.content.Intent mVoiceAppSearchIntent -> v
    java.lang.CharSequence mDefaultQueryHint -> w
    android.support.v7.widget.SearchView$OnQueryTextListener mOnQueryChangeListener -> x
    android.support.v7.widget.SearchView$OnCloseListener mOnCloseListener -> y
    android.view.View$OnFocusChangeListener mOnQueryTextFocusChangeListener -> f
    android.support.v7.widget.SearchView$OnSuggestionListener mOnSuggestionListener -> z
    android.view.View$OnClickListener mOnSearchClickListener -> A
    boolean mIconifiedByDefault -> B
    boolean mIconified -> C