feature/build/outputs/mapping/feature/minified/usage.txt
com.google.android.instantapps.samples.hello.feature.BuildConfig
com.google.android.instantapps.samples.hello.feature.R
com.google.android.instantapps.samples.hello.feature.R$anim
com.google.android.instantapps.samples.hello.feature.R$attr
com.google.android.instantapps.samples.hello.feature.R$bool
com.google.android.instantapps.samples.hello.feature.R$color
com.google.android.instantapps.samples.hello.feature.R$dimen
com.google.android.instantapps.samples.hello.feature.R$drawable
com.google.android.instantapps.samples.hello.feature.R$id
com.google.android.instantapps.samples.hello.feature.R$integer
com.google.android.instantapps.samples.hello.feature.R$layout
com.google.android.instantapps.samples.hello.feature.R$mipmap
com.google.android.instantapps.samples.hello.feature.R$string
com.google.android.instantapps.samples.hello.feature.R$style
com.google.android.instantapps.samples.hello.feature.R$styleable
...
android.support.v4.view.accessibility.AccessibilityNodeInfoCompat$AccessibilityActionCompat
android.support.v4.view.accessibility.AccessibilityNodeInfoCompat$CollectionInfoCompat
android.support.v4.view.accessibility.AccessibilityNodeInfoCompat$CollectionItemInfoCompat
android.support.v4.view.accessibility.AccessibilityNodeInfoCompat$RangeInfoCompat
android.support.v4.view.accessibility.AccessibilityNodeProviderCompat:
    public static final int HOST_VIEW_ID
android.support.v4.view.accessibility.AccessibilityRecordCompat:
    42:44:public AccessibilityRecordCompat(java.lang.Object)
    54:54:public java.lang.Object getImpl()
    68:68:public static android.support.v4.view.accessibility.AccessibilityRecordCompat obtain(android.support.v4.view.accessibility.AccessibilityRecordCompat)
    81:81:public static android.support.v4.view.accessibility.AccessibilityRecordCompat obtain()
    95:96:public void setSource(android.view.View)
    116:117:public void setSource(android.view.View,int)
    136:139:public static void setSource(android.view.accessibility.AccessibilityRecord,android.view.View,int)
    157:157:public android.support.v4.view.accessibility.AccessibilityNodeInfoCompat getSource()
    169:169:public int getWindowId()
    181:181:public boolean isChecked()
    195:196:public void setChecked(boolean)
    207:207:public boolean isEnabled()
    221:222:public void setEnabled(boolean)
    233:233:public boolean isPassword()
    247:248:public void setPassword(boolean)
    259:259:public boolean isFullScreen()
    273:274:public void setFullScreen(boolean)
    285:285:public boolean isScrollable()
    299:300:public void setScrollable(boolean)
    311:311:public int getItemCount()
    325:326:public void setItemCount(int)
    337:337:public int getCurrentItemIndex()
    351:352:public void setCurrentItemIndex(int)
    366:366:public int getFromIndex()
    383:384:public void setFromIndex(int)
    396:396:public int getToIndex()
android.support.v4.view.accessibility.AccessibilityWindowInfoCompat
android.support.v4.view.animation.PathInterpolatorApi14
android.support.v4.view.animation.PathInterpolatorCompat
android.support.v4.widget.AutoScrollHelper:
    public static final float RELATIVE_UNSPECIFIED
    public static final float NO_MAX
    public static final float NO_MIN
    public static final int EDGE_TYPE_INSIDE
    public static final int EDGE_TYPE_INSIDE_EXTEND
    public static final int EDGE_TYPE_OUTSIDE
    private static final int HORIZONTAL
    private static final int VERTICAL
    private static final int DEFAULT_EDGE_TYPE
    private static final int DEFAULT_MINIMUM_VELOCITY_DIPS
    private static final int DEFAULT_MAXIMUM_VELOCITY_DIPS
    private static final float DEFAULT_MAXIMUM_EDGE
    private static final float DEFAULT_RELATIVE_EDGE
    private static final float DEFAULT_RELATIVE_VELOCITY
    private static final int DEFAULT_RAMP_UP_DURATION
    private static final int DEFAULT_RAMP_DOWN_DURATION
    247:247:public boolean isEnabled()
    263:264:public android.support.v4.widget.AutoScrollHelper setExclusive(boolean)
    276:276:public boolean isExclusive()
android.support.v4.widget.AutoSizeableTextView:
    public abstract void setAutoSizeTextTypeWithDefaults(int)
    public abstract void setAutoSizeTextTypeUniformWithConfiguration(int,int,int,int)
    public abstract void setAutoSizeTextTypeUniformWithPresetSizes(int[],int)
    public abstract int getAutoSizeTextType()
    public abstract int getAutoSizeStepGranularity()
    public abstract int getAutoSizeMinTextSize()
    public abstract int getAutoSizeMaxTextSize()
    public abstract int[] getAutoSizeTextAvailableSizes()
android.support.v4.widget.CircleImageView
android.support.v4.widget.CircleImageView$OvalShadow
android.support.v4.widget.CircularProgressDrawable
android.support.v4.widget.CircularProgressDrawable$1
android.support.v4.widget.CircularProgressDrawable$2
android.support.v4.widget.CircularProgressDrawable$ProgressDrawableSize